
2015-07-20 14:45:22 [INFO] This is an info message.
2015-07-20 14:45:22 [ERROR] This is an info message.
2015-07-20 14:47:05 [INFO] This is an info message.
2015-07-20 14:47:05 [ERROR] This is an info message.
2015-07-20 14:53:17 [ERROR] This is an error message.
2015-07-20 14:53:17 [INFO] WARNING! It's a TRAaaP!
2015-07-20 14:53:17 [Error] Red squadron, Luke didn't make it past the trenches...Probably Should have used the targetter.
2015-07-20 14:56:49 [INFO] WARNING! It's a TRAaaP!
2015-07-20 14:56:49 [Error] Red squadron, Luke didn't make it past the trenches...Probably Should have used the targetter.
2015-07-20 15:08:12 [INFO] WARNING! It's a TRAaaP!
2015-07-20 15:08:12 [Error] Red squadron, Luke didn't make it past the trenches...Probably Should have used the targetter.
2015-07-20 15:50:03 [INFO] WARNING! It's a TRAaaP!
2015-07-20 15:50:03 [Error] Red squadron, Luke didn't make it past the trenches...Probably Should have used the targetter.
2015-07-20 16:03:36 [INFO] It looks like that Luke kid is at it again
2015-07-20 16:03:36 [ERROR] Red squadron, Luke didn't make it past the trenches...He probably Should have used the targetter.
2015-07-20 16:03:36 [WARNING] WARNING! It's a TRAaaP!
2015-07-20 16:12:37 [INFO] It looks like that Luke kid is at it again
2015-07-20 16:12:37 [ERROR] Red squadron, Luke didn't make it past the trenches...He probably Should have used the targetter.
2015-07-20 16:12:37 [WARNING] WARNING! It's a TRAaaP!
2015-07-20 16:13:35 [INFO] It looks like that Luke kid is at it again
2015-07-20 16:13:35 [ERROR] Red squadron, Luke didn't make it past the trenches...He probably Should have used the targetter.
2015-07-20 16:13:35 [WARNING] WARNING! It's a TRAaaP!